[2022-09-19 00:06:34] local.ERROR: SQLSTATE[HY000] [2002] Connection refused {"exception":"[object] (Doctrine\\DBAL\\Driver\\PDO\\Exception(code: 2002): SQLSTATE[HY000] [2002] Connection refused at /home/lmntrix/Desktop/cs-ecommerce/vendor/doctrine/dbal/lib/Doctrine/DBAL/Driver/PDO/Exception.php:18)
[stacktrace]
#0 /home/lmntrix/Desktop/cs-ecommerce/vendor/doctrine/dbal/lib/Doctrine/DBAL/Driver/PDOConnection.php(44): Doctrine\\DBAL\\Driver\\PDO\\Exception::new()
#1 /home/lmntrix/Desktop/cs-ecommerce/vendor/laravel/framework/src/Illuminate/Database/Connectors/Connector.php(67): Doctrine\\DBAL\\Driver\\PDOConnection->__construct()
#2 /home/lmntrix/Desktop/cs-ecommerce/vendor/laravel/framework/src/Illuminate/Database/Connectors/Connector.php(100): Illuminate\\Database\\Connectors\\Connector->createPdoConnection()
#3 /home/lmntrix/Desktop/cs-ecommerce/vendor/laravel/framework/src/Illuminate/Database/Connectors/Connector.php(50): Illuminate\\Database\\Connectors\\Connector->tryAgainIfCausedByLostConnection()
#4 /home/lmntrix/Desktop/cs-ecommerce/vendor/laravel/framework/src/Illuminate/Database/Connectors/MySqlConnector.php(24): Illuminate\\Database\\Connectors\\Connector->createConnection()
#5 /home/lmntrix/Desktop/cs-ecommerce/vendor/laravel/framework/src/Illuminate/Database/Connectors/ConnectionFactory.php(184): Illuminate\\Database\\Connectors\\MySqlConnector->connect()
#6 [internal function]: Illuminate\\Database\\Connectors\\ConnectionFactory->Illuminate\\Database\\Connectors\\{closure}()
#7 /home/lmntrix/Desktop/cs-ecommerce/vendor/laravel/framework/src/Illuminate/Database/Connection.php(1064): call_user_func()
#8 /home/lmntrix/Desktop/cs-ecommerce/vendor/laravel/framework/src/Illuminate/Database/Connection.php(1014): Illuminate\\Database\\Connection->getPdo()
#9 /home/lmntrix/Desktop/cs-ecommerce/vendor/larapack/doctrine-support/src/DoctrineSupportServiceProvider.php(55): Illuminate\\Database\\Connection->getDoctrineConnection()
#10 /home/lmntrix/Desktop/cs-ecommerce/vendor/larapack/doctrine-support/src/DoctrineSupportServiceProvider.php(35): Larapack\\DoctrineSupport\\DoctrineSupportServiceProvider->addDoctrineTypes()
#11 /home/lmntrix/Desktop/cs-ecommerce/vendor/laravel/framework/src/Illuminate/Database/Connectors/ConnectionFactory.php(273): Larapack\\DoctrineSupport\\DoctrineSupportServiceProvider->Larapack\\DoctrineSupport\\{closure}()
#12 /home/lmntrix/Desktop/cs-ecommerce/vendor/laravel/framework/src/Illuminate/Database/Connectors/ConnectionFactory.php(76): Illuminate\\Database\\Connectors\\ConnectionFactory->createConnection()
#13 /home/lmntrix/Desktop/cs-ecommerce/vendor/laravel/framework/src/Illuminate/Database/Connectors/ConnectionFactory.php(50): Illuminate\\Database\\Connectors\\ConnectionFactory->createSingleConnection()
#14 /home/lmntrix/Desktop/cs-ecommerce/vendor/laravel/framework/src/Illuminate/Database/DatabaseManager.php(140): Illuminate\\Database\\Connectors\\ConnectionFactory->make()
#15 /home/lmntrix/Desktop/cs-ecommerce/vendor/laravel/framework/src/Illuminate/Database/DatabaseManager.php(95): Illuminate\\Database\\DatabaseManager->makeConnection()
#16 /home/lmntrix/Desktop/cs-ecommerce/vendor/laravel/framework/src/Illuminate/Session/SessionManager.php(103): Illuminate\\Database\\DatabaseManager->connection()
#17 /home/lmntrix/Desktop/cs-ecommerce/vendor/laravel/framework/src/Illuminate/Session/SessionManager.php(90): Illuminate\\Session\\SessionManager->getDatabaseConnection()
#18 /home/lmntrix/Desktop/cs-ecommerce/vendor/laravel/framework/src/Illuminate/Support/Manager.php(105): Illuminate\\Session\\SessionManager->createDatabaseDriver()
#19 /home/lmntrix/Desktop/cs-ecommerce/vendor/laravel/framework/src/Illuminate/Support/Manager.php(80): Illuminate\\Support\\Manager->createDriver()
#20 /home/lmntrix/Desktop/cs-ecommerce/vendor/laravel/framework/src/Illuminate/Session/SessionServiceProvider.php(52): Illuminate\\Support\\Manager->driver()
#21 /home/lmntrix/Desktop/cs-ecommerce/vendor/laravel/framework/src/Illuminate/Container/Container.php(873): Illuminate\\Session\\SessionServiceProvider->Illuminate\\Session\\{closure}()
#22 /home/lmntrix/Desktop/cs-ecommerce/vendor/laravel/framework/src/Illuminate/Container/Container.php(758): Illuminate\\Container\\Container->build()
#23 /home/lmntrix/Desktop/cs-ecommerce/vendor/laravel/framework/src/Illuminate/Foundation/Application.php(851): Illuminate\\Container\\Container->resolve()
#24 /home/lmntrix/Desktop/cs-ecommerce/vendor/laravel/framework/src/Illuminate/Container/Container.php(694): Illuminate\\Foundation\\Application->resolve()
#25 /home/lmntrix/Desktop/cs-ecommerce/vendor/laravel/framework/src/Illuminate/Foundation/Application.php(836): Illuminate\\Container\\Container->make()
#26 /home/lmntrix/Desktop/cs-ecommerce/vendor/laravel/framework/src/Illuminate/Container/Container.php(1419): Illuminate\\Foundation\\Application->make()
#27 /home/lmntrix/Desktop/cs-ecommerce/vendor/laravel/framework/src/Illuminate/Auth/AuthManager.php(125): Illuminate\\Container\\Container->offsetGet()
#28 /home/lmntrix/Desktop/cs-ecommerce/vendor/laravel/framework/src/Illuminate/Auth/AuthManager.php(94): Illuminate\\Auth\\AuthManager->createSessionDriver()
#29 /home/lmntrix/Desktop/cs-ecommerce/vendor/laravel/framework/src/Illuminate/Auth/AuthManager.php(68): Illuminate\\Auth\\AuthManager->resolve()
#30 /home/lmntrix/Desktop/cs-ecommerce/vendor/laravel/framework/src/Illuminate/Support/Facades/Facade.php(261): Illuminate\\Auth\\AuthManager->guard()
#31 /home/lmntrix/Desktop/cs-ecommerce/vendor/tcg/voyager/src/VoyagerServiceProvider.php(100): Illuminate\\Support\\Facades\\Facade::__callStatic()
#32 /home/lmntrix/Desktop/cs-ecommerce/vendor/laravel/framework/src/Illuminate/Container/BoundMethod.php(36): TCG\\Voyager\\VoyagerServiceProvider->boot()
#33 /home/lmntrix/Desktop/cs-ecommerce/vendor/laravel/framework/src/Illuminate/Container/Util.php(40): Illuminate\\Container\\BoundMethod::Illuminate\\Container\\{closure}()
#34 /home/lmntrix/Desktop/cs-ecommerce/vendor/laravel/framework/src/Illuminate/Container/BoundMethod.php(93): Illuminate\\Container\\Util::unwrapIfClosure()
#35 /home/lmntrix/Desktop/cs-ecommerce/vendor/laravel/framework/src/Illuminate/Container/BoundMethod.php(37): Illuminate\\Container\\BoundMethod::callBoundMethod()
#36 /home/lmntrix/Desktop/cs-ecommerce/vendor/laravel/framework/src/Illuminate/Container/Container.php(653): Illuminate\\Container\\BoundMethod::call()
#37 /home/lmntrix/Desktop/cs-ecommerce/vendor/laravel/framework/src/Illuminate/Foundation/Application.php(924): Illuminate\\Container\\Container->call()
#38 /home/lmntrix/Desktop/cs-ecommerce/vendor/laravel/framework/src/Illuminate/Foundation/Application.php(905): Illuminate\\Foundation\\Application->bootProvider()
#39 [internal function]: Illuminate\\Foundation\\Application->Illuminate\\Foundation\\{closure}()
#40 /home/lmntrix/Desktop/cs-ecommerce/vendor/laravel/framework/src/Illuminate/Foundation/Application.php(906): array_walk()
#41 /home/lmntrix/Desktop/cs-ecommerce/vendor/laravel/framework/src/Illuminate/Foundation/Bootstrap/BootProviders.php(17): Illuminate\\Foundation\\Application->boot()
#42 /home/lmntrix/Desktop/cs-ecommerce/vendor/laravel/framework/src/Illuminate/Foundation/Application.php(237): Illuminate\\Foundation\\Bootstrap\\BootProviders->bootstrap()
#43 /home/lmntrix/Desktop/cs-ecommerce/vendor/laravel/framework/src/Illuminate/Foundation/Console/Kernel.php(310): Illuminate\\Foundation\\Application->bootstrapWith()
#44 /home/lmntrix/Desktop/cs-ecommerce/vendor/laravel/framework/src/Illuminate/Foundation/Console/Kernel.php(127): Illuminate\\Foundation\\Console\\Kernel->bootstrap()
#45 /home/lmntrix/Desktop/cs-ecommerce/artisan(37): Illuminate\\Foundation\\Console\\Kernel->handle()
#46 {main}

[previous exception] [object] (PDOException(code: 2002): SQLSTATE[HY000] [2002] Connection refused at /home/lmntrix/Desktop/cs-ecommerce/vendor/doctrine/dbal/lib/Doctrine/DBAL/Driver/PDOConnection.php:40)
[stacktrace]
#0 /home/lmntrix/Desktop/cs-ecommerce/vendor/doctrine/dbal/lib/Doctrine/DBAL/Driver/PDOConnection.php(40): PDO->__construct()
#1 /home/lmntrix/Desktop/cs-ecommerce/vendor/laravel/framework/src/Illuminate/Database/Connectors/Connector.php(67): Doctrine\\DBAL\\Driver\\PDOConnection->__construct()
#2 /home/lmntrix/Desktop/cs-ecommerce/vendor/laravel/framework/src/Illuminate/Database/Connectors/Connector.php(100): Illuminate\\Database\\Connectors\\Connector->createPdoConnection()
#3 /home/lmntrix/Desktop/cs-ecommerce/vendor/laravel/framework/src/Illuminate/Database/Connectors/Connector.php(50): Illuminate\\Database\\Connectors\\Connector->tryAgainIfCausedByLostConnection()
#4 /home/lmntrix/Desktop/cs-ecommerce/vendor/laravel/framework/src/Illuminate/Database/Connectors/MySqlConnector.php(24): Illuminate\\Database\\Connectors\\Connector->createConnection()
#5 /home/lmntrix/Desktop/cs-ecommerce/vendor/laravel/framework/src/Illuminate/Database/Connectors/ConnectionFactory.php(184): Illuminate\\Database\\Connectors\\MySqlConnector->connect()
#6 [internal function]: Illuminate\\Database\\Connectors\\ConnectionFactory->Illuminate\\Database\\Connectors\\{closure}()
#7 /home/lmntrix/Desktop/cs-ecommerce/vendor/laravel/framework/src/Illuminate/Database/Connection.php(1064): call_user_func()
#8 /home/lmntrix/Desktop/cs-ecommerce/vendor/laravel/framework/src/Illuminate/Database/Connection.php(1014): Illuminate\\Database\\Connection->getPdo()
#9 /home/lmntrix/Desktop/cs-ecommerce/vendor/larapack/doctrine-support/src/DoctrineSupportServiceProvider.php(55): Illuminate\\Database\\Connection->getDoctrineConnection()
#10 /home/lmntrix/Desktop/cs-ecommerce/vendor/larapack/doctrine-support/src/DoctrineSupportServiceProvider.php(35): Larapack\\DoctrineSupport\\DoctrineSupportServiceProvider->addDoctrineTypes()
#11 /home/lmntrix/Desktop/cs-ecommerce/vendor/laravel/framework/src/Illuminate/Database/Connectors/ConnectionFactory.php(273): Larapack\\DoctrineSupport\\DoctrineSupportServiceProvider->Larapack\\DoctrineSupport\\{closure}()
#12 /home/lmntrix/Desktop/cs-ecommerce/vendor/laravel/framework/src/Illuminate/Database/Connectors/ConnectionFactory.php(76): Illuminate\\Database\\Connectors\\ConnectionFactory->createConnection()
#13 /home/lmntrix/Desktop/cs-ecommerce/vendor/laravel/framework/src/Illuminate/Database/Connectors/ConnectionFactory.php(50): Illuminate\\Database\\Connectors\\ConnectionFactory->createSingleConnection()
#14 /home/lmntrix/Desktop/cs-ecommerce/vendor/laravel/framework/src/Illuminate/Database/DatabaseManager.php(140): Illuminate\\Database\\Connectors\\ConnectionFactory->make()
#15 /home/lmntrix/Desktop/cs-ecommerce/vendor/laravel/framework/src/Illuminate/Database/DatabaseManager.php(95): Illuminate\\Database\\DatabaseManager->makeConnection()
#16 /home/lmntrix/Desktop/cs-ecommerce/vendor/laravel/framework/src/Illuminate/Session/SessionManager.php(103): Illuminate\\Database\\DatabaseManager->connection()
#17 /home/lmntrix/Desktop/cs-ecommerce/vendor/laravel/framework/src/Illuminate/Session/SessionManager.php(90): Illuminate\\Session\\SessionManager->getDatabaseConnection()
#18 /home/lmntrix/Desktop/cs-ecommerce/vendor/laravel/framework/src/Illuminate/Support/Manager.php(105): Illuminate\\Session\\SessionManager->createDatabaseDriver()
#19 /home/lmntrix/Desktop/cs-ecommerce/vendor/laravel/framework/src/Illuminate/Support/Manager.php(80): Illuminate\\Support\\Manager->createDriver()
#20 /home/lmntrix/Desktop/cs-ecommerce/vendor/laravel/framework/src/Illuminate/Session/SessionServiceProvider.php(52): Illuminate\\Support\\Manager->driver()
#21 /home/lmntrix/Desktop/cs-ecommerce/vendor/laravel/framework/src/Illuminate/Container/Container.php(873): Illuminate\\Session\\SessionServiceProvider->Illuminate\\Session\\{closure}()
#22 /home/lmntrix/Desktop/cs-ecommerce/vendor/laravel/framework/src/Illuminate/Container/Container.php(758): Illuminate\\Container\\Container->build()
#23 /home/lmntrix/Desktop/cs-ecommerce/vendor/laravel/framework/src/Illuminate/Foundation/Application.php(851): Illuminate\\Container\\Container->resolve()
#24 /home/lmntrix/Desktop/cs-ecommerce/vendor/laravel/framework/src/Illuminate/Container/Container.php(694): Illuminate\\Foundation\\Application->resolve()
#25 /home/lmntrix/Desktop/cs-ecommerce/vendor/laravel/framework/src/Illuminate/Foundation/Application.php(836): Illuminate\\Container\\Container->make()
#26 /home/lmntrix/Desktop/cs-ecommerce/vendor/laravel/framework/src/Illuminate/Container/Container.php(1419): Illuminate\\Foundation\\Application->make()
#27 /home/lmntrix/Desktop/cs-ecommerce/vendor/laravel/framework/src/Illuminate/Auth/AuthManager.php(125): Illuminate\\Container\\Container->offsetGet()
#28 /home/lmntrix/Desktop/cs-ecommerce/vendor/laravel/framework/src/Illuminate/Auth/AuthManager.php(94): Illuminate\\Auth\\AuthManager->createSessionDriver()
#29 /home/lmntrix/Desktop/cs-ecommerce/vendor/laravel/framework/src/Illuminate/Auth/AuthManager.php(68): Illuminate\\Auth\\AuthManager->resolve()
#30 /home/lmntrix/Desktop/cs-ecommerce/vendor/laravel/framework/src/Illuminate/Support/Facades/Facade.php(261): Illuminate\\Auth\\AuthManager->guard()
#31 /home/lmntrix/Desktop/cs-ecommerce/vendor/tcg/voyager/src/VoyagerServiceProvider.php(100): Illuminate\\Support\\Facades\\Facade::__callStatic()
#32 /home/lmntrix/Desktop/cs-ecommerce/vendor/laravel/framework/src/Illuminate/Container/BoundMethod.php(36): TCG\\Voyager\\VoyagerServiceProvider->boot()
#33 /home/lmntrix/Desktop/cs-ecommerce/vendor/laravel/framework/src/Illuminate/Container/Util.php(40): Illuminate\\Container\\BoundMethod::Illuminate\\Container\\{closure}()
#34 /home/lmntrix/Desktop/cs-ecommerce/vendor/laravel/framework/src/Illuminate/Container/BoundMethod.php(93): Illuminate\\Container\\Util::unwrapIfClosure()
#35 /home/lmntrix/Desktop/cs-ecommerce/vendor/laravel/framework/src/Illuminate/Container/BoundMethod.php(37): Illuminate\\Container\\BoundMethod::callBoundMethod()
#36 /home/lmntrix/Desktop/cs-ecommerce/vendor/laravel/framework/src/Illuminate/Container/Container.php(653): Illuminate\\Container\\BoundMethod::call()
#37 /home/lmntrix/Desktop/cs-ecommerce/vendor/laravel/framework/src/Illuminate/Foundation/Application.php(924): Illuminate\\Container\\Container->call()
#38 /home/lmntrix/Desktop/cs-ecommerce/vendor/laravel/framework/src/Illuminate/Foundation/Application.php(905): Illuminate\\Foundation\\Application->bootProvider()
#39 [internal function]: Illuminate\\Foundation\\Application->Illuminate\\Foundation\\{closure}()
#40 /home/lmntrix/Desktop/cs-ecommerce/vendor/laravel/framework/src/Illuminate/Foundation/Application.php(906): array_walk()
#41 /home/lmntrix/Desktop/cs-ecommerce/vendor/laravel/framework/src/Illuminate/Foundation/Bootstrap/BootProviders.php(17): Illuminate\\Foundation\\Application->boot()
#42 /home/lmntrix/Desktop/cs-ecommerce/vendor/laravel/framework/src/Illuminate/Foundation/Application.php(237): Illuminate\\Foundation\\Bootstrap\\BootProviders->bootstrap()
#43 /home/lmntrix/Desktop/cs-ecommerce/vendor/laravel/framework/src/Illuminate/Foundation/Console/Kernel.php(310): Illuminate\\Foundation\\Application->bootstrapWith()
#44 /home/lmntrix/Desktop/cs-ecommerce/vendor/laravel/framework/src/Illuminate/Foundation/Console/Kernel.php(127): Illuminate\\Foundation\\Console\\Kernel->bootstrap()
#45 /home/lmntrix/Desktop/cs-ecommerce/artisan(37): Illuminate\\Foundation\\Console\\Kernel->handle()
#46 {main}
"} 
